<?xml version="1.0" encoding="UTF-8"?>
<!-- Generated by org.testng.reporters.JUnitReportReporter -->
<testsuite skipped="0" hostname="SEZT1FF221NCU" name="testngSessions.LoginPageTest" tests="4" failures="0" timestamp="2021-06-20T08:11:03 IST" time="0.163" errors="0">
  <testcase name="registerLinkTest" time="0.044" classname="testngSessions.LoginPageTest"/>
  <system-out/>
  <testcase name="accountPageTitleTest" time="0.007" classname="testngSessions.LoginPageTest"/>
  <system-out/>
  <testcase name="registerLinkTest" time="0.103" classname="testngSessions.LoginPageTest"/>
  <system-out/>
  <testcase name="accountPageTitleTest" time="0.009" classname="testngSessions.LoginPageTest"/>
  <system-out/>
</testsuite> <!-- testngSessions.LoginPageTest -->
