<?xml version="1.0" encoding="UTF-8"?>
<!-- Generated by org.testng.reporters.JUnitReportReporter -->
<testsuite skipped="0" hostname="SEZT1FF221NCU" name="testngSessions.SearchProducts" tests="3" failures="0" timestamp="2021-06-20T10:46:39 IST" time="4.467" errors="0">
  <testcase name="register" time="1.397" classname="testngSessions.SearchProducts"/>
  <system-out/>
  <testcase name="register" time="1.701" classname="testngSessions.SearchProducts"/>
  <system-out/>
  <testcase name="register" time="1.369" classname="testngSessions.SearchProducts"/>
  <system-out/>
</testsuite> <!-- testngSessions.SearchProducts -->
