<?xml version="1.0" encoding="UTF-8"?>
<!-- Generated by org.testng.reporters.JUnitReportReporter -->
<testsuite skipped="0" hostname="SEZT1FF221NCU" name="testngSessions.HomePageTest" tests="2" failures="0" timestamp="2021-06-20T08:11:03 IST" time="5.729" errors="0">
  <testcase name="homePageTitleTest" time="2.787" classname="testngSessions.HomePageTest"/>
  <system-out/>
  <testcase name="homePageTitleTest" time="2.942" classname="testngSessions.HomePageTest"/>
  <system-out/>
</testsuite> <!-- testngSessions.HomePageTest -->
