<?xml version="1.0" encoding="UTF-8"?>
<!-- Generated by org.testng.reporters.JUnitReportReporter -->
<testsuite skipped="0" hostname="SEZT1FF221NCU" name="testngSessions.RegisterAccount" tests="5" failures="0" timestamp="2021-06-20T08:44:03 IST" time="31.884" errors="0">
  <testcase name="register" time="6.460" classname="testngSessions.RegisterAccount"/>
  <system-out/>
  <testcase name="register" time="6.376" classname="testngSessions.RegisterAccount"/>
  <system-out/>
  <testcase name="register" time="6.348" classname="testngSessions.RegisterAccount"/>
  <system-out/>
  <testcase name="register" time="6.328" classname="testngSessions.RegisterAccount"/>
  <system-out/>
  <testcase name="register" time="6.372" classname="testngSessions.RegisterAccount"/>
  <system-out/>
</testsuite> <!-- testngSessions.RegisterAccount -->
