<?xml version="1.0" encoding="UTF-8"?>
<!-- Generated by org.testng.reporters.JUnitReportReporter -->
<testsuite skipped="0" hostname="SEZT1FF221NCU" name="testngSessions.DemoCartTest" tests="3" failures="0" timestamp="2021-06-18T07:25:09 IST" time="44.932" errors="0">
  <testcase name="accountPageTitleTest" time="6.200" classname="testngSessions.DemoCartTest"/>
  <system-out/>
  <testcase name="logoutLinkTest" time="6.130" classname="testngSessions.DemoCartTest"/>
  <system-out/>
  <testcase name="searchBarTest" time="32.602" classname="testngSessions.DemoCartTest"/>
  <system-out/>
</testsuite> <!-- testngSessions.DemoCartTest -->
