<?xml version="1.0" encoding="UTF-8"?>
<!-- Generated by org.testng.reporters.JUnitReportReporter -->
<testsuite skipped="0" hostname="SEZT1FF221NCU" name="testngSessions.AccountsPageTest" tests="3" failures="0" timestamp="2021-06-18T07:37:34 IST" time="0.088" errors="0">
  <testcase name="searchBarTest" time="0.030" classname="testngSessions.AccountsPageTest"/>
  <system-out/>
  <testcase name="logoutLinkTest" time="0.049" classname="testngSessions.AccountsPageTest"/>
  <system-out/>
  <testcase name="accountPageTitleTest" time="0.009" classname="testngSessions.AccountsPageTest"/>
  <system-out/>
</testsuite> <!-- testngSessions.AccountsPageTest -->
